0 info it worked if it ends with ok
1 verbose cli [ '/usr/bin/node', '/usr/bin/npm', 'init', '[-f' ]
2 info using npm@1.4.28
3 info using node@v0.10.40
4 verbose node symlink /usr/bin/node
5 verbose config Skipping project config: /home/samara/.npmrc. (matches userconfig)
6 error Error: write EPIPE
6 error     at errnoException (net.js:905:11)
6 error     at Object.afterWrite (net.js:721:19)
7 error If you need help, you may report this *entire* log,
7 error including the npm and node versions, at:
7 error     <http://github.com/npm/npm/issues>
8 error System Linux 3.19.0-15-generic
9 error command "/usr/bin/node" "/usr/bin/npm" "init" "[-f"
10 error cwd /home/samara/Documents/coding/closets
11 error node -v v0.10.40
12 error npm -v 1.4.28
13 error syscall write
14 error code EPIPE
15 error errno EPIPE
16 verbose exit [ 1, true ]
